<?xml version="1.0" encoding="UTF-8"?>
<!-- Generated by org.testng.reporters.JUnitReportReporter -->
<testsuite hostname="LAPTOP-D5SVVGSV" failures="0" tests="2" name="testcases.Testcases" time="0.879" errors="0" timestamp="2021-07-15T08:11:47 EDT" skipped="0">
  <testcase classname="testcases.Testcases" name="verifytitle" time="0.017"/>
  <system-out/>
  <testcase classname="testcases.Testcases" name="editcheck" time="0.862"/>
  <system-out/>
</testsuite> <!-- testcases.Testcases -->
