<?xml version="1.0" encoding="UTF-8"?>
<!-- Generated by org.testng.reporters.JUnitReportReporter -->
<testsuite hostname="LAPTOP-D5SVVGSV" failures="0" tests="1" name="testcases.loginwithoutfindby" time="5.322" errors="0" timestamp="2021-07-21T12:37:46 EDT" skipped="0">
  <testcase classname="testcases.loginwithoutfindby" name="login" time="5.322"/>
  <system-out/>
</testsuite> <!-- testcases.loginwithoutfindby -->
